Analysis & Synthesis report for trabalho-pll_V3
Sun Sep 05 20:42:55 2021
Quartus Prime Version 15.1.0 Build 185 10/21/2015 SJ Lite Edition


---------------------
; Table of Contents ;
---------------------
  1. Legal Notice
  2. Analysis & Synthesis Summary
  3. Analysis & Synthesis Settings
  4. Parallel Compilation
  5. Analysis & Synthesis Source Files Read
  6. Analysis & Synthesis Resource Usage Summary
  7. Analysis & Synthesis Resource Utilization by Entity
  8. State Machine - |adpll|dco:dco_inst|bor_edge:bor_edge_inst|present_state
  9. State Machine - |adpll|dco:dco_inst|car_edge:car_edge_inst|present_state
 10. Registers Removed During Synthesis
 11. Removed Registers Triggering Further Register Optimizations
 12. General Register Statistics
 13. Port Connectivity Checks: "dco:dco_inst|dff_cont:dff_cont_inst"
 14. Port Connectivity Checks: "pfd:pfd_inst|d_ff:d_ff_2_map_ports"
 15. Port Connectivity Checks: "pfd:pfd_inst|d_ff:d_ff_1_map_ports"
 16. Post-Synthesis Netlist Statistics for Top Partition
 17. Elapsed Time Per Partition
 18. Analysis & Synthesis Messages



----------------
; Legal Notice ;
----------------
Copyright (C) 1991-2015 Altera Corporation. All rights reserved.
Your use of Altera Corporation's design tools, logic functions 
and other software and tools, and its AMPP partner logic 
functions, and any output files from any of the foregoing 
(including device programming or simulation files), and any 
associated documentation or information are expressly subject 
to the terms and conditions of the Altera Program License 
Subscription Agreement, the Altera Quartus Prime License Agreement,
the Altera MegaCore Function License Agreement, or other 
applicable license agreement, including, without limitation, 
that your use is for the sole purpose of programming logic 
devices manufactured by Altera and sold by Altera or its 
authorized distributors.  Please refer to the applicable 
agreement for further details.



+-------------------------------------------------------------------------------+
; Analysis & Synthesis Summary                                                  ;
+---------------------------------+---------------------------------------------+
; Analysis & Synthesis Status     ; Successful - Sun Sep 05 20:42:55 2021       ;
; Quartus Prime Version           ; 15.1.0 Build 185 10/21/2015 SJ Lite Edition ;
; Revision Name                   ; trabalho-pll_V3                             ;
; Top-level Entity Name           ; adpll                                       ;
; Family                          ; Cyclone V                                   ;
; Logic utilization (in ALMs)     ; N/A                                         ;
; Total registers                 ; 0                                           ;
; Total pins                      ; 6                                           ;
; Total virtual pins              ; 0                                           ;
; Total block memory bits         ; 0                                           ;
; Total DSP Blocks                ; 0                                           ;
; Total HSSI RX PCSs              ; 0                                           ;
; Total HSSI PMA RX Deserializers ; 0                                           ;
; Total HSSI TX PCSs              ; 0                                           ;
; Total HSSI PMA TX Serializers   ; 0                                           ;
; Total PLLs                      ; 0                                           ;
; Total DLLs                      ; 0                                           ;
+---------------------------------+---------------------------------------------+


+---------------------------------------------------------------------------------------------------------------------------+
; Analysis & Synthesis Settings                                                                                             ;
+---------------------------------------------------------------------------------+--------------------+--------------------+
; Option                                                                          ; Setting            ; Default Value      ;
+---------------------------------------------------------------------------------+--------------------+--------------------+
; Device                                                                          ; 5CSEMA5F31C6       ;                    ;
; Top-level entity name                                                           ; adpll              ; trabalho-pll_V3    ;
; Family name                                                                     ; Cyclone V          ; Cyclone V          ;
; Use smart compilation                                                           ; Off                ; Off                ;
; Enable parallel Assembler and TimeQuest Timing Analyzer during compilation      ; On                 ; On                 ;
; Enable compact report table                                                     ; Off                ; Off                ;
; Restructure Multiplexers                                                        ; Auto               ; Auto               ;
; MLAB Add Timing Constraints For Mixed-Port Feed-Through Mode Setting Don't Care ; Off                ; Off                ;
; Create Debugging Nodes for IP Cores                                             ; Off                ; Off                ;
; Preserve fewer node names                                                       ; On                 ; On                 ;
; Disable OpenCore Plus hardware evaluation                                       ; Off                ; Off                ;
; Verilog Version                                                                 ; Verilog_2001       ; Verilog_2001       ;
; VHDL Version                                                                    ; VHDL_1993          ; VHDL_1993          ;
; State Machine Processing                                                        ; Auto               ; Auto               ;
; Safe State Machine                                                              ; Off                ; Off                ;
; Extract Verilog State Machines                                                  ; On                 ; On                 ;
; Extract VHDL State Machines                                                     ; On                 ; On                 ;
; Ignore Verilog initial constructs                                               ; Off                ; Off                ;
; Iteration limit for constant Verilog loops                                      ; 5000               ; 5000               ;
; Iteration limit for non-constant Verilog loops                                  ; 250                ; 250                ;
; Add Pass-Through Logic to Inferred RAMs                                         ; On                 ; On                 ;
; Infer RAMs from Raw Logic                                                       ; On                 ; On                 ;
; Parallel Synthesis                                                              ; On                 ; On                 ;
; DSP Block Balancing                                                             ; Auto               ; Auto               ;
; NOT Gate Push-Back                                                              ; On                 ; On                 ;
; Power-Up Don't Care                                                             ; On                 ; On                 ;
; Remove Redundant Logic Cells                                                    ; Off                ; Off                ;
; Remove Duplicate Registers                                                      ; On                 ; On                 ;
; Ignore CARRY Buffers                                                            ; Off                ; Off                ;
; Ignore CASCADE Buffers                                                          ; Off                ; Off                ;
; Ignore GLOBAL Buffers                                                           ; Off                ; Off                ;
; Ignore ROW GLOBAL Buffers                                                       ; Off                ; Off                ;
; Ignore LCELL Buffers                                                            ; Off                ; Off                ;
; Ignore SOFT Buffers                                                             ; On                 ; On                 ;
; Limit AHDL Integers to 32 Bits                                                  ; Off                ; Off                ;
; Optimization Technique                                                          ; Balanced           ; Balanced           ;
; Carry Chain Length                                                              ; 70                 ; 70                 ;
; Auto Carry Chains                                                               ; On                 ; On                 ;
; Auto Open-Drain Pins                                                            ; On                 ; On                 ;
; Perform WYSIWYG Primitive Resynthesis                                           ; Off                ; Off                ;
; Auto ROM Replacement                                                            ; On                 ; On                 ;
; Auto RAM Replacement                                                            ; On                 ; On                 ;
; Auto DSP Block Replacement                                                      ; On                 ; On                 ;
; Auto Shift Register Replacement                                                 ; Auto               ; Auto               ;
; Allow Shift Register Merging across Hierarchies                                 ; Auto               ; Auto               ;
; Auto Clock Enable Replacement                                                   ; On                 ; On                 ;
; Strict RAM Replacement                                                          ; Off                ; Off                ;
; Allow Synchronous Control Signals                                               ; On                 ; On                 ;
; Force Use of Synchronous Clear Signals                                          ; Off                ; Off                ;
; Auto Resource Sharing                                                           ; Off                ; Off                ;
; Allow Any RAM Size For Recognition                                              ; Off                ; Off                ;
; Allow Any ROM Size For Recognition                                              ; Off                ; Off                ;
; Allow Any Shift Register Size For Recognition                                   ; Off                ; Off                ;
; Use LogicLock Constraints during Resource Balancing                             ; On                 ; On                 ;
; Ignore translate_off and synthesis_off directives                               ; Off                ; Off                ;
; Timing-Driven Synthesis                                                         ; On                 ; On                 ;
; Report Parameter Settings                                                       ; On                 ; On                 ;
; Report Source Assignments                                                       ; On                 ; On                 ;
; Report Connectivity Checks                                                      ; On                 ; On                 ;
; Ignore Maximum Fan-Out Assignments                                              ; Off                ; Off                ;
; Synchronization Register Chain Length                                           ; 3                  ; 3                  ;
; PowerPlay Power Optimization During Synthesis                                   ; Normal compilation ; Normal compilation ;
; HDL message level                                                               ; Level2             ; Level2             ;
; Suppress Register Optimization Related Messages                                 ; Off                ; Off                ;
; Number of Removed Registers Reported in Synthesis Report                        ; 5000               ; 5000               ;
; Number of Swept Nodes Reported in Synthesis Report                              ; 5000               ; 5000               ;
; Number of Inverted Registers Reported in Synthesis Report                       ; 100                ; 100                ;
; Clock MUX Protection                                                            ; On                 ; On                 ;
; Auto Gated Clock Conversion                                                     ; Off                ; Off                ;
; Block Design Naming                                                             ; Auto               ; Auto               ;
; SDC constraint protection                                                       ; Off                ; Off                ;
; Synthesis Effort                                                                ; Auto               ; Auto               ;
; Shift Register Replacement - Allow Asynchronous Clear Signal                    ; On                 ; On                 ;
; Pre-Mapping Resynthesis Optimization                                            ; Off                ; Off                ;
; Analysis & Synthesis Message Level                                              ; Medium             ; Medium             ;
; Disable Register Merging Across Hierarchies                                     ; Auto               ; Auto               ;
; Resource Aware Inference For Block RAM                                          ; On                 ; On                 ;
; Synthesis Seed                                                                  ; 1                  ; 1                  ;
; Automatic Parallel Synthesis                                                    ; On                 ; On                 ;
; Partial Reconfiguration Bitstream ID                                            ; Off                ; Off                ;
+---------------------------------------------------------------------------------+--------------------+--------------------+


+------------------------------------------+
; Parallel Compilation                     ;
+----------------------------+-------------+
; Processors                 ; Number      ;
+----------------------------+-------------+
; Number detected on machine ; 4           ;
; Maximum allowed            ; 4           ;
;                            ;             ;
; Average used               ; 1.00        ;
; Maximum used               ; 1           ;
;                            ;             ;
; Usage by Processor         ; % Time Used ;
;     Processor 1            ; 100.0%      ;
+----------------------------+-------------+


+---------------------------------------------------------------------------------------------------------------------------------------------------------+
; Analysis & Synthesis Source Files Read                                                                                                                  ;
+----------------------------------+-----------------+-----------------+------------------------------------------------------------------------+---------+
; File Name with User-Entered Path ; Used in Netlist ; File Type       ; File Name with Absolute Path                                           ; Library ;
+----------------------------------+-----------------+-----------------+------------------------------------------------------------------------+---------+
; adpll.vhd                        ; yes             ; User VHDL File  ; C:/Users/wwagn/OneDrive/Documentos/projetos/trabalho-pll/adpll.vhd     ;         ;
; dff_cont.vhd                     ; yes             ; User VHDL File  ; C:/Users/wwagn/OneDrive/Documentos/projetos/trabalho-pll/dff_cont.vhd  ;         ;
; car_edge.vhd                     ; yes             ; User VHDL File  ; C:/Users/wwagn/OneDrive/Documentos/projetos/trabalho-pll/car_edge.vhd  ;         ;
; bor_edge.vhd                     ; yes             ; User VHDL File  ; C:/Users/wwagn/OneDrive/Documentos/projetos/trabalho-pll/bor_edge.vhd  ;         ;
; pfd.vhd                          ; yes             ; User VHDL File  ; C:/Users/wwagn/OneDrive/Documentos/projetos/trabalho-pll/pfd.vhd       ;         ;
; d_ff.vhd                         ; yes             ; User VHDL File  ; C:/Users/wwagn/OneDrive/Documentos/projetos/trabalho-pll/d_ff.vhd      ;         ;
; divfreq.vhd                      ; yes             ; User VHDL File  ; C:/Users/wwagn/OneDrive/Documentos/projetos/trabalho-pll/divfreq.vhd   ;         ;
; k_counter.vhd                    ; yes             ; User VHDL File  ; C:/Users/wwagn/OneDrive/Documentos/projetos/trabalho-pll/k_counter.vhd ;         ;
; dco.vhd                          ; yes             ; User VHDL File  ; C:/Users/wwagn/OneDrive/Documentos/projetos/trabalho-pll/dco.vhd       ;         ;
; div8.vhd                         ; yes             ; User VHDL File  ; C:/Users/wwagn/OneDrive/Documentos/projetos/trabalho-pll/div8.vhd      ;         ;
+----------------------------------+-----------------+-----------------+------------------------------------------------------------------------+---------+


+------------------------------------------------------+
; Analysis & Synthesis Resource Usage Summary          ;
+---------------------------------------------+--------+
; Resource                                    ; Usage  ;
+---------------------------------------------+--------+
; Estimate of Logic utilization (ALMs needed) ; 0      ;
;                                             ;        ;
; Combinational ALUT usage for logic          ; 0      ;
;     -- 7 input functions                    ; 0      ;
;     -- 6 input functions                    ; 0      ;
;     -- 5 input functions                    ; 0      ;
;     -- 4 input functions                    ; 0      ;
;     -- <=3 input functions                  ; 0      ;
;                                             ;        ;
; Dedicated logic registers                   ; 0      ;
;                                             ;        ;
; I/O pins                                    ; 6      ;
;                                             ;        ;
; Total DSP Blocks                            ; 0      ;
;                                             ;        ;
; Maximum fan-out node                        ; kclock ;
; Maximum fan-out                             ; 1      ;
; Total fan-out                               ; 6      ;
; Average fan-out                             ; 0.50   ;
+---------------------------------------------+--------+


+-----------------------------------------------------------------------------------------------------------------------------------------------------------+
; Analysis & Synthesis Resource Utilization by Entity                                                                                                       ;
+----------------------------+-------------------+--------------+-------------------+------------+------+--------------+---------------------+--------------+
; Compilation Hierarchy Node ; LC Combinationals ; LC Registers ; Block Memory Bits ; DSP Blocks ; Pins ; Virtual Pins ; Full Hierarchy Name ; Library Name ;
+----------------------------+-------------------+--------------+-------------------+------------+------+--------------+---------------------+--------------+
; |adpll                     ; 0 (0)             ; 0 (0)        ; 0                 ; 0          ; 6    ; 0            ; |adpll              ; work         ;
+----------------------------+-------------------+--------------+-------------------+------------+------+--------------+---------------------+--------------+
Note: For table entries with two numbers listed, the numbers in parentheses indicate the number of resources of the given type used by the specific entity alone. The numbers listed outside of parentheses indicate the total resources of the given type used by the specific entity and all of its sub-entities in the hierarchy.


Encoding Type:  One-Hot
+-------------------------------------------------------------------------------------------------------------------+
; State Machine - |adpll|dco:dco_inst|bor_edge:bor_edge_inst|present_state                                          ;
+------------------------+----------------------+---------------------+------------------------+--------------------+
; Name                   ; present_state.final2 ; present_state.final ; present_state.decision ; present_state.idle ;
+------------------------+----------------------+---------------------+------------------------+--------------------+
; present_state.idle     ; 0                    ; 0                   ; 0                      ; 0                  ;
; present_state.decision ; 0                    ; 0                   ; 1                      ; 1                  ;
; present_state.final    ; 0                    ; 1                   ; 0                      ; 1                  ;
; present_state.final2   ; 1                    ; 0                   ; 0                      ; 1                  ;
+------------------------+----------------------+---------------------+------------------------+--------------------+


Encoding Type:  One-Hot
+----------------------------------------------------------------------------------------+
; State Machine - |adpll|dco:dco_inst|car_edge:car_edge_inst|present_state               ;
+----------------------+----------------------+---------------------+--------------------+
; Name                 ; present_state.final2 ; present_state.final ; present_state.idle ;
+----------------------+----------------------+---------------------+--------------------+
; present_state.idle   ; 0                    ; 0                   ; 0                  ;
; present_state.final  ; 0                    ; 1                   ; 1                  ;
; present_state.final2 ; 1                    ; 0                   ; 1                  ;
+----------------------+----------------------+---------------------+--------------------+


+---------------------------------------------------------------------------------------------------+
; Registers Removed During Synthesis                                                                ;
+------------------------------------------------------------+--------------------------------------+
; Register name                                              ; Reason for Removal                   ;
+------------------------------------------------------------+--------------------------------------+
; dco:dco_inst|div8:div8_inst|div8                           ; Stuck at GND due to stuck port clock ;
; dco:dco_inst|dff_cont:dff_cont_inst|toggleff               ; Lost fanout                          ;
; pfd:pfd_inst|d_ff:d_ff_1_map_ports|q                       ; Lost fanout                          ;
; pfd:pfd_inst|d_ff:d_ff_2_map_ports|q                       ; Lost fanout                          ;
; divfreq:divfreq_inst|ot                                    ; Lost fanout                          ;
; divfreq:divfreq_inst|count[0..18]                          ; Lost fanout                          ;
; dco:dco_inst|bor_edge:bor_edge_inst|present_state.idle     ; Lost fanout                          ;
; dco:dco_inst|bor_edge:bor_edge_inst|present_state.decision ; Lost fanout                          ;
; dco:dco_inst|bor_edge:bor_edge_inst|present_state.final    ; Lost fanout                          ;
; dco:dco_inst|bor_edge:bor_edge_inst|present_state.final2   ; Lost fanout                          ;
; dco:dco_inst|car_edge:car_edge_inst|present_state.idle     ; Lost fanout                          ;
; dco:dco_inst|car_edge:car_edge_inst|present_state.final    ; Lost fanout                          ;
; dco:dco_inst|car_edge:car_edge_inst|present_state.final2   ; Lost fanout                          ;
; Total Number of Removed Registers = 31                     ;                                      ;
+------------------------------------------------------------+--------------------------------------+


+-------------------------------------------------------------------------------------------------------------------------------------+
; Removed Registers Triggering Further Register Optimizations                                                                         ;
+----------------------------------------------+--------------------+-----------------------------------------------------------------+
; Register name                                ; Reason for Removal ; Registers Removed due to This Register                          ;
+----------------------------------------------+--------------------+-----------------------------------------------------------------+
; pfd:pfd_inst|d_ff:d_ff_1_map_ports|q         ; Lost Fanouts       ; pfd:pfd_inst|d_ff:d_ff_2_map_ports|q, divfreq:divfreq_inst|ot,  ;
;                                              ;                    ; divfreq:divfreq_inst|count[1], divfreq:divfreq_inst|count[6],   ;
;                                              ;                    ; divfreq:divfreq_inst|count[8], divfreq:divfreq_inst|count[5],   ;
;                                              ;                    ; divfreq:divfreq_inst|count[4], divfreq:divfreq_inst|count[3],   ;
;                                              ;                    ; divfreq:divfreq_inst|count[2], divfreq:divfreq_inst|count[18],  ;
;                                              ;                    ; divfreq:divfreq_inst|count[0], divfreq:divfreq_inst|count[7],   ;
;                                              ;                    ; divfreq:divfreq_inst|count[9], divfreq:divfreq_inst|count[10],  ;
;                                              ;                    ; divfreq:divfreq_inst|count[11], divfreq:divfreq_inst|count[12], ;
;                                              ;                    ; divfreq:divfreq_inst|count[13], divfreq:divfreq_inst|count[14], ;
;                                              ;                    ; divfreq:divfreq_inst|count[15], divfreq:divfreq_inst|count[16], ;
;                                              ;                    ; divfreq:divfreq_inst|count[17]                                  ;
; dco:dco_inst|dff_cont:dff_cont_inst|toggleff ; Lost Fanouts       ; dco:dco_inst|bor_edge:bor_edge_inst|present_state.final,        ;
;                                              ;                    ; dco:dco_inst|car_edge:car_edge_inst|present_state.final         ;
+----------------------------------------------+--------------------+-----------------------------------------------------------------+


+------------------------------------------------------+
; General Register Statistics                          ;
+----------------------------------------------+-------+
; Statistic                                    ; Value ;
+----------------------------------------------+-------+
; Total registers                              ; 0     ;
; Number of registers using Synchronous Clear  ; 0     ;
; Number of registers using Synchronous Load   ; 0     ;
; Number of registers using Asynchronous Clear ; 0     ;
; Number of registers using Asynchronous Load  ; 0     ;
; Number of registers using Clock Enable       ; 0     ;
; Number of registers using Preset             ; 0     ;
+----------------------------------------------+-------+


+----------------------------------------------------------------------------------------------------------------+
; Port Connectivity Checks: "dco:dco_inst|dff_cont:dff_cont_inst"                                                ;
+------+--------+----------+-------------------------------------------------------------------------------------+
; Port ; Type   ; Severity ; Details                                                                             ;
+------+--------+----------+-------------------------------------------------------------------------------------+
; flag ; Output ; Info     ; Connected to dangling logic. Logic that only feeds a dangling port will be removed. ;
+------+--------+----------+-------------------------------------------------------------------------------------+


+----------------------------------------------------------------------------------------------------------------+
; Port Connectivity Checks: "pfd:pfd_inst|d_ff:d_ff_2_map_ports"                                                 ;
+------+--------+----------+-------------------------------------------------------------------------------------+
; Port ; Type   ; Severity ; Details                                                                             ;
+------+--------+----------+-------------------------------------------------------------------------------------+
; d    ; Input  ; Info     ; Stuck at VCC                                                                        ;
; nq   ; Output ; Info     ; Connected to dangling logic. Logic that only feeds a dangling port will be removed. ;
+------+--------+----------+-------------------------------------------------------------------------------------+


+----------------------------------------------------------------------------------------------------------------+
; Port Connectivity Checks: "pfd:pfd_inst|d_ff:d_ff_1_map_ports"                                                 ;
+------+--------+----------+-------------------------------------------------------------------------------------+
; Port ; Type   ; Severity ; Details                                                                             ;
+------+--------+----------+-------------------------------------------------------------------------------------+
; d    ; Input  ; Info     ; Stuck at VCC                                                                        ;
; nq   ; Output ; Info     ; Connected to dangling logic. Logic that only feeds a dangling port will be removed. ;
+------+--------+----------+-------------------------------------------------------------------------------------+


+-----------------------------------------------------+
; Post-Synthesis Netlist Statistics for Top Partition ;
+-----------------------+-----------------------------+
; Type                  ; Count                       ;
+-----------------------+-----------------------------+
; arriav_lcell_comb     ; 1                           ;
;     normal            ; 1                           ;
;         0 data inputs ; 1                           ;
; boundary_port         ; 6                           ;
;                       ;                             ;
; Max LUT depth         ; 0.00                        ;
; Average LUT depth     ; 0.00                        ;
+-----------------------+-----------------------------+


+-------------------------------+
; Elapsed Time Per Partition    ;
+----------------+--------------+
; Partition Name ; Elapsed Time ;
+----------------+--------------+
; Top            ; 00:00:00     ;
+----------------+--------------+


+-------------------------------+
; Analysis & Synthesis Messages ;
+-------------------------------+
Info: *******************************************************************
Info: Running Quartus Prime Analysis & Synthesis
    Info: Version 15.1.0 Build 185 10/21/2015 SJ Lite Edition
    Info: Processing started: Sun Sep 05 20:42:35 2021
Info: Command: quartus_map --read_settings_files=on --write_settings_files=off trabalho-pll_V3 -c trabalho-pll_V3
Info (20030): Parallel compilation is enabled and will use 4 of the 4 processors detected
Info (12021): Found 2 design units, including 1 entities, in source file adpll.vhd
    Info (12022): Found design unit 1: adpll-adpll_arch File: C:/Users/wwagn/OneDrive/Documentos/projetos/trabalho-pll/adpll.vhd Line: 34
    Info (12023): Found entity 1: adpll File: C:/Users/wwagn/OneDrive/Documentos/projetos/trabalho-pll/adpll.vhd Line: 18
Info (12021): Found 1 design units, including 1 entities, in source file trabalho-pll_v3.bdf
    Info (12023): Found entity 1: trabalho-pll_V3
Info (12021): Found 2 design units, including 1 entities, in source file dff_cont.vhd
    Info (12022): Found design unit 1: dff_cont-arch_dff_cont File: C:/Users/wwagn/OneDrive/Documentos/projetos/trabalho-pll/dff_cont.vhd Line: 29
    Info (12023): Found entity 1: dff_cont File: C:/Users/wwagn/OneDrive/Documentos/projetos/trabalho-pll/dff_cont.vhd Line: 19
Info (12021): Found 2 design units, including 1 entities, in source file car_edge.vhd
    Info (12022): Found design unit 1: car_edge-archedge File: C:/Users/wwagn/OneDrive/Documentos/projetos/trabalho-pll/car_edge.vhd Line: 26
    Info (12023): Found entity 1: car_edge File: C:/Users/wwagn/OneDrive/Documentos/projetos/trabalho-pll/car_edge.vhd Line: 19
Info (12021): Found 2 design units, including 1 entities, in source file bor_edge.vhd
    Info (12022): Found design unit 1: bor_edge-archedge File: C:/Users/wwagn/OneDrive/Documentos/projetos/trabalho-pll/bor_edge.vhd Line: 26
    Info (12023): Found entity 1: bor_edge File: C:/Users/wwagn/OneDrive/Documentos/projetos/trabalho-pll/bor_edge.vhd Line: 19
Info (12021): Found 2 design units, including 1 entities, in source file pfd.vhd
    Info (12022): Found design unit 1: pfd-pfd_arch File: C:/Users/wwagn/OneDrive/Documentos/projetos/trabalho-pll/pfd.vhd Line: 28
    Info (12023): Found entity 1: pfd File: C:/Users/wwagn/OneDrive/Documentos/projetos/trabalho-pll/pfd.vhd Line: 20
Info (12021): Found 2 design units, including 1 entities, in source file sine_wave_gen.vhd
    Info (12022): Found design unit 1: sine_wave_gen-sine_wave_gen_arch File: C:/Users/wwagn/OneDrive/Documentos/projetos/trabalho-pll/sine_wave_gen.vhd Line: 14
    Info (12023): Found entity 1: sine_wave_gen File: C:/Users/wwagn/OneDrive/Documentos/projetos/trabalho-pll/sine_wave_gen.vhd Line: 9
Info (12021): Found 2 design units, including 1 entities, in source file d_ff.vhd
    Info (12022): Found design unit 1: d_ff-dff_arch File: C:/Users/wwagn/OneDrive/Documentos/projetos/trabalho-pll/d_ff.vhd Line: 20
    Info (12023): Found entity 1: d_ff File: C:/Users/wwagn/OneDrive/Documentos/projetos/trabalho-pll/d_ff.vhd Line: 14
Info (12021): Found 2 design units, including 1 entities, in source file divfreq.vhd
    Info (12022): Found design unit 1: divfreq-divfreq_arch File: C:/Users/wwagn/OneDrive/Documentos/projetos/trabalho-pll/divfreq.vhd Line: 31
    Info (12023): Found entity 1: divfreq File: C:/Users/wwagn/OneDrive/Documentos/projetos/trabalho-pll/divfreq.vhd Line: 25
Info (12021): Found 2 design units, including 1 entities, in source file k_counter.vhd
    Info (12022): Found design unit 1: k_counter-k_counter_arch File: C:/Users/wwagn/OneDrive/Documentos/projetos/trabalho-pll/k_counter.vhd Line: 26
    Info (12023): Found entity 1: k_counter File: C:/Users/wwagn/OneDrive/Documentos/projetos/trabalho-pll/k_counter.vhd Line: 17
Info (12021): Found 2 design units, including 1 entities, in source file dco.vhd
    Info (12022): Found design unit 1: dco-dco_arch File: C:/Users/wwagn/OneDrive/Documentos/projetos/trabalho-pll/dco.vhd Line: 26
    Info (12023): Found entity 1: dco File: C:/Users/wwagn/OneDrive/Documentos/projetos/trabalho-pll/dco.vhd Line: 16
Info (12021): Found 2 design units, including 1 entities, in source file div4.vhd
    Info (12022): Found design unit 1: div4-div4_arch File: C:/Users/wwagn/OneDrive/Documentos/projetos/trabalho-pll/div4.vhd Line: 25
    Info (12023): Found entity 1: div4 File: C:/Users/wwagn/OneDrive/Documentos/projetos/trabalho-pll/div4.vhd Line: 16
Warning (12018): Entity "tff" will be ignored because it conflicts with Quartus Prime primitive name File: C:/Users/wwagn/OneDrive/Documentos/projetos/trabalho-pll/tff.vhd Line: 17
Info (12021): Found 2 design units, including 1 entities, in source file tff.vhd
    Info (12022): Found design unit 1: tff-tff_arch File: C:/Users/wwagn/OneDrive/Documentos/projetos/trabalho-pll/tff.vhd Line: 23
Info (12021): Found 2 design units, including 1 entities, in source file div8.vhd
    Info (12022): Found design unit 1: div8-div8_arch File: C:/Users/wwagn/OneDrive/Documentos/projetos/trabalho-pll/div8.vhd Line: 26
    Info (12023): Found entity 1: div8 File: C:/Users/wwagn/OneDrive/Documentos/projetos/trabalho-pll/div8.vhd Line: 17
Info (12127): Elaborating entity "adpll" for the top level hierarchy
Info (12128): Elaborating entity "divfreq" for hierarchy "divfreq:divfreq_inst" File: C:/Users/wwagn/OneDrive/Documentos/projetos/trabalho-pll/adpll.vhd Line: 94
Info (12128): Elaborating entity "pfd" for hierarchy "pfd:pfd_inst" File: C:/Users/wwagn/OneDrive/Documentos/projetos/trabalho-pll/adpll.vhd Line: 106
Info (12128): Elaborating entity "d_ff" for hierarchy "pfd:pfd_inst|d_ff:d_ff_1_map_ports" File: C:/Users/wwagn/OneDrive/Documentos/projetos/trabalho-pll/pfd.vhd Line: 50
Info (12128): Elaborating entity "k_counter" for hierarchy "k_counter:k_counter_inst" File: C:/Users/wwagn/OneDrive/Documentos/projetos/trabalho-pll/adpll.vhd Line: 120
Warning (10492): VHDL Process Statement warning at k_counter.vhd(41): signal "sdown" is read inside the Process Statement but isn't in the Process Statement's sensitivity list File: C:/Users/wwagn/OneDrive/Documentos/projetos/trabalho-pll/k_counter.vhd Line: 41
Warning (10492): VHDL Process Statement warning at k_counter.vhd(41): signal "sup" is read inside the Process Statement but isn't in the Process Statement's sensitivity list File: C:/Users/wwagn/OneDrive/Documentos/projetos/trabalho-pll/k_counter.vhd Line: 41
Warning (10492): VHDL Process Statement warning at k_counter.vhd(42): signal "kcountup" is read inside the Process Statement but isn't in the Process Statement's sensitivity list File: C:/Users/wwagn/OneDrive/Documentos/projetos/trabalho-pll/k_counter.vhd Line: 42
Warning (10492): VHDL Process Statement warning at k_counter.vhd(43): signal "kcountup" is read inside the Process Statement but isn't in the Process Statement's sensitivity list File: C:/Users/wwagn/OneDrive/Documentos/projetos/trabalho-pll/k_counter.vhd Line: 43
Warning (10492): VHDL Process Statement warning at k_counter.vhd(47): signal "kcountup" is read inside the Process Statement but isn't in the Process Statement's sensitivity list File: C:/Users/wwagn/OneDrive/Documentos/projetos/trabalho-pll/k_counter.vhd Line: 47
Warning (10631): VHDL Process Statement warning at k_counter.vhd(38): inferring latch(es) for signal or variable "kcountup", which holds its previous value in one or more paths through the process File: C:/Users/wwagn/OneDrive/Documentos/projetos/trabalho-pll/k_counter.vhd Line: 38
Warning (10492): VHDL Process Statement warning at k_counter.vhd(55): signal "sdown" is read inside the Process Statement but isn't in the Process Statement's sensitivity list File: C:/Users/wwagn/OneDrive/Documentos/projetos/trabalho-pll/k_counter.vhd Line: 55
Warning (10492): VHDL Process Statement warning at k_counter.vhd(55): signal "sup" is read inside the Process Statement but isn't in the Process Statement's sensitivity list File: C:/Users/wwagn/OneDrive/Documentos/projetos/trabalho-pll/k_counter.vhd Line: 55
Warning (10492): VHDL Process Statement warning at k_counter.vhd(56): signal "kcountdown" is read inside the Process Statement but isn't in the Process Statement's sensitivity list File: C:/Users/wwagn/OneDrive/Documentos/projetos/trabalho-pll/k_counter.vhd Line: 56
Warning (10492): VHDL Process Statement warning at k_counter.vhd(57): signal "kcountdown" is read inside the Process Statement but isn't in the Process Statement's sensitivity list File: C:/Users/wwagn/OneDrive/Documentos/projetos/trabalho-pll/k_counter.vhd Line: 57
Warning (10492): VHDL Process Statement warning at k_counter.vhd(61): signal "kcountdown" is read inside the Process Statement but isn't in the Process Statement's sensitivity list File: C:/Users/wwagn/OneDrive/Documentos/projetos/trabalho-pll/k_counter.vhd Line: 61
Warning (10631): VHDL Process Statement warning at k_counter.vhd(52): inferring latch(es) for signal or variable "kcountdown", which holds its previous value in one or more paths through the process File: C:/Users/wwagn/OneDrive/Documentos/projetos/trabalho-pll/k_counter.vhd Line: 52
Info (10041): Inferred latch for "kcountdown[0]" at k_counter.vhd(52) File: C:/Users/wwagn/OneDrive/Documentos/projetos/trabalho-pll/k_counter.vhd Line: 52
Info (10041): Inferred latch for "kcountdown[1]" at k_counter.vhd(52) File: C:/Users/wwagn/OneDrive/Documentos/projetos/trabalho-pll/k_counter.vhd Line: 52
Info (10041): Inferred latch for "kcountdown[2]" at k_counter.vhd(52) File: C:/Users/wwagn/OneDrive/Documentos/projetos/trabalho-pll/k_counter.vhd Line: 52
Info (10041): Inferred latch for "kcountdown[3]" at k_counter.vhd(52) File: C:/Users/wwagn/OneDrive/Documentos/projetos/trabalho-pll/k_counter.vhd Line: 52
Info (10041): Inferred latch for "kcountdown[4]" at k_counter.vhd(52) File: C:/Users/wwagn/OneDrive/Documentos/projetos/trabalho-pll/k_counter.vhd Line: 52
Info (10041): Inferred latch for "kcountdown[5]" at k_counter.vhd(52) File: C:/Users/wwagn/OneDrive/Documentos/projetos/trabalho-pll/k_counter.vhd Line: 52
Info (10041): Inferred latch for "kcountdown[6]" at k_counter.vhd(52) File: C:/Users/wwagn/OneDrive/Documentos/projetos/trabalho-pll/k_counter.vhd Line: 52
Info (10041): Inferred latch for "kcountdown[7]" at k_counter.vhd(52) File: C:/Users/wwagn/OneDrive/Documentos/projetos/trabalho-pll/k_counter.vhd Line: 52
Info (10041): Inferred latch for "kcountdown[8]" at k_counter.vhd(52) File: C:/Users/wwagn/OneDrive/Documentos/projetos/trabalho-pll/k_counter.vhd Line: 52
Info (10041): Inferred latch for "kcountdown[9]" at k_counter.vhd(52) File: C:/Users/wwagn/OneDrive/Documentos/projetos/trabalho-pll/k_counter.vhd Line: 52
Info (10041): Inferred latch for "kcountdown[10]" at k_counter.vhd(52) File: C:/Users/wwagn/OneDrive/Documentos/projetos/trabalho-pll/k_counter.vhd Line: 52
Info (10041): Inferred latch for "kcountdown[11]" at k_counter.vhd(52) File: C:/Users/wwagn/OneDrive/Documentos/projetos/trabalho-pll/k_counter.vhd Line: 52
Info (10041): Inferred latch for "kcountdown[12]" at k_counter.vhd(52) File: C:/Users/wwagn/OneDrive/Documentos/projetos/trabalho-pll/k_counter.vhd Line: 52
Info (10041): Inferred latch for "kcountdown[13]" at k_counter.vhd(52) File: C:/Users/wwagn/OneDrive/Documentos/projetos/trabalho-pll/k_counter.vhd Line: 52
Info (10041): Inferred latch for "kcountdown[14]" at k_counter.vhd(52) File: C:/Users/wwagn/OneDrive/Documentos/projetos/trabalho-pll/k_counter.vhd Line: 52
Info (10041): Inferred latch for "kcountdown[15]" at k_counter.vhd(52) File: C:/Users/wwagn/OneDrive/Documentos/projetos/trabalho-pll/k_counter.vhd Line: 52
Info (10041): Inferred latch for "kcountdown[16]" at k_counter.vhd(52) File: C:/Users/wwagn/OneDrive/Documentos/projetos/trabalho-pll/k_counter.vhd Line: 52
Info (10041): Inferred latch for "kcountdown[17]" at k_counter.vhd(52) File: C:/Users/wwagn/OneDrive/Documentos/projetos/trabalho-pll/k_counter.vhd Line: 52
Info (10041): Inferred latch for "kcountdown[18]" at k_counter.vhd(52) File: C:/Users/wwagn/OneDrive/Documentos/projetos/trabalho-pll/k_counter.vhd Line: 52
Info (10041): Inferred latch for "kcountdown[19]" at k_counter.vhd(52) File: C:/Users/wwagn/OneDrive/Documentos/projetos/trabalho-pll/k_counter.vhd Line: 52
Info (10041): Inferred latch for "kcountdown[20]" at k_counter.vhd(52) File: C:/Users/wwagn/OneDrive/Documentos/projetos/trabalho-pll/k_counter.vhd Line: 52
Info (10041): Inferred latch for "kcountdown[21]" at k_counter.vhd(52) File: C:/Users/wwagn/OneDrive/Documentos/projetos/trabalho-pll/k_counter.vhd Line: 52
Info (10041): Inferred latch for "kcountdown[22]" at k_counter.vhd(52) File: C:/Users/wwagn/OneDrive/Documentos/projetos/trabalho-pll/k_counter.vhd Line: 52
Info (10041): Inferred latch for "kcountdown[23]" at k_counter.vhd(52) File: C:/Users/wwagn/OneDrive/Documentos/projetos/trabalho-pll/k_counter.vhd Line: 52
Info (10041): Inferred latch for "kcountdown[24]" at k_counter.vhd(52) File: C:/Users/wwagn/OneDrive/Documentos/projetos/trabalho-pll/k_counter.vhd Line: 52
Info (10041): Inferred latch for "kcountdown[25]" at k_counter.vhd(52) File: C:/Users/wwagn/OneDrive/Documentos/projetos/trabalho-pll/k_counter.vhd Line: 52
Info (10041): Inferred latch for "kcountdown[26]" at k_counter.vhd(52) File: C:/Users/wwagn/OneDrive/Documentos/projetos/trabalho-pll/k_counter.vhd Line: 52
Info (10041): Inferred latch for "kcountdown[27]" at k_counter.vhd(52) File: C:/Users/wwagn/OneDrive/Documentos/projetos/trabalho-pll/k_counter.vhd Line: 52
Info (10041): Inferred latch for "kcountdown[28]" at k_counter.vhd(52) File: C:/Users/wwagn/OneDrive/Documentos/projetos/trabalho-pll/k_counter.vhd Line: 52
Info (10041): Inferred latch for "kcountdown[29]" at k_counter.vhd(52) File: C:/Users/wwagn/OneDrive/Documentos/projetos/trabalho-pll/k_counter.vhd Line: 52
Info (10041): Inferred latch for "kcountdown[30]" at k_counter.vhd(52) File: C:/Users/wwagn/OneDrive/Documentos/projetos/trabalho-pll/k_counter.vhd Line: 52
Info (10041): Inferred latch for "kcountup[0]" at k_counter.vhd(38) File: C:/Users/wwagn/OneDrive/Documentos/projetos/trabalho-pll/k_counter.vhd Line: 38
Info (10041): Inferred latch for "kcountup[1]" at k_counter.vhd(38) File: C:/Users/wwagn/OneDrive/Documentos/projetos/trabalho-pll/k_counter.vhd Line: 38
Info (10041): Inferred latch for "kcountup[2]" at k_counter.vhd(38) File: C:/Users/wwagn/OneDrive/Documentos/projetos/trabalho-pll/k_counter.vhd Line: 38
Info (10041): Inferred latch for "kcountup[3]" at k_counter.vhd(38) File: C:/Users/wwagn/OneDrive/Documentos/projetos/trabalho-pll/k_counter.vhd Line: 38
Info (10041): Inferred latch for "kcountup[4]" at k_counter.vhd(38) File: C:/Users/wwagn/OneDrive/Documentos/projetos/trabalho-pll/k_counter.vhd Line: 38
Info (10041): Inferred latch for "kcountup[5]" at k_counter.vhd(38) File: C:/Users/wwagn/OneDrive/Documentos/projetos/trabalho-pll/k_counter.vhd Line: 38
Info (10041): Inferred latch for "kcountup[6]" at k_counter.vhd(38) File: C:/Users/wwagn/OneDrive/Documentos/projetos/trabalho-pll/k_counter.vhd Line: 38
Info (10041): Inferred latch for "kcountup[7]" at k_counter.vhd(38) File: C:/Users/wwagn/OneDrive/Documentos/projetos/trabalho-pll/k_counter.vhd Line: 38
Info (10041): Inferred latch for "kcountup[8]" at k_counter.vhd(38) File: C:/Users/wwagn/OneDrive/Documentos/projetos/trabalho-pll/k_counter.vhd Line: 38
Info (10041): Inferred latch for "kcountup[9]" at k_counter.vhd(38) File: C:/Users/wwagn/OneDrive/Documentos/projetos/trabalho-pll/k_counter.vhd Line: 38
Info (10041): Inferred latch for "kcountup[10]" at k_counter.vhd(38) File: C:/Users/wwagn/OneDrive/Documentos/projetos/trabalho-pll/k_counter.vhd Line: 38
Info (10041): Inferred latch for "kcountup[11]" at k_counter.vhd(38) File: C:/Users/wwagn/OneDrive/Documentos/projetos/trabalho-pll/k_counter.vhd Line: 38
Info (10041): Inferred latch for "kcountup[12]" at k_counter.vhd(38) File: C:/Users/wwagn/OneDrive/Documentos/projetos/trabalho-pll/k_counter.vhd Line: 38
Info (10041): Inferred latch for "kcountup[13]" at k_counter.vhd(38) File: C:/Users/wwagn/OneDrive/Documentos/projetos/trabalho-pll/k_counter.vhd Line: 38
Info (10041): Inferred latch for "kcountup[14]" at k_counter.vhd(38) File: C:/Users/wwagn/OneDrive/Documentos/projetos/trabalho-pll/k_counter.vhd Line: 38
Info (10041): Inferred latch for "kcountup[15]" at k_counter.vhd(38) File: C:/Users/wwagn/OneDrive/Documentos/projetos/trabalho-pll/k_counter.vhd Line: 38
Info (10041): Inferred latch for "kcountup[16]" at k_counter.vhd(38) File: C:/Users/wwagn/OneDrive/Documentos/projetos/trabalho-pll/k_counter.vhd Line: 38
Info (10041): Inferred latch for "kcountup[17]" at k_counter.vhd(38) File: C:/Users/wwagn/OneDrive/Documentos/projetos/trabalho-pll/k_counter.vhd Line: 38
Info (10041): Inferred latch for "kcountup[18]" at k_counter.vhd(38) File: C:/Users/wwagn/OneDrive/Documentos/projetos/trabalho-pll/k_counter.vhd Line: 38
Info (10041): Inferred latch for "kcountup[19]" at k_counter.vhd(38) File: C:/Users/wwagn/OneDrive/Documentos/projetos/trabalho-pll/k_counter.vhd Line: 38
Info (10041): Inferred latch for "kcountup[20]" at k_counter.vhd(38) File: C:/Users/wwagn/OneDrive/Documentos/projetos/trabalho-pll/k_counter.vhd Line: 38
Info (10041): Inferred latch for "kcountup[21]" at k_counter.vhd(38) File: C:/Users/wwagn/OneDrive/Documentos/projetos/trabalho-pll/k_counter.vhd Line: 38
Info (10041): Inferred latch for "kcountup[22]" at k_counter.vhd(38) File: C:/Users/wwagn/OneDrive/Documentos/projetos/trabalho-pll/k_counter.vhd Line: 38
Info (10041): Inferred latch for "kcountup[23]" at k_counter.vhd(38) File: C:/Users/wwagn/OneDrive/Documentos/projetos/trabalho-pll/k_counter.vhd Line: 38
Info (10041): Inferred latch for "kcountup[24]" at k_counter.vhd(38) File: C:/Users/wwagn/OneDrive/Documentos/projetos/trabalho-pll/k_counter.vhd Line: 38
Info (10041): Inferred latch for "kcountup[25]" at k_counter.vhd(38) File: C:/Users/wwagn/OneDrive/Documentos/projetos/trabalho-pll/k_counter.vhd Line: 38
Info (10041): Inferred latch for "kcountup[26]" at k_counter.vhd(38) File: C:/Users/wwagn/OneDrive/Documentos/projetos/trabalho-pll/k_counter.vhd Line: 38
Info (10041): Inferred latch for "kcountup[27]" at k_counter.vhd(38) File: C:/Users/wwagn/OneDrive/Documentos/projetos/trabalho-pll/k_counter.vhd Line: 38
Info (10041): Inferred latch for "kcountup[28]" at k_counter.vhd(38) File: C:/Users/wwagn/OneDrive/Documentos/projetos/trabalho-pll/k_counter.vhd Line: 38
Info (10041): Inferred latch for "kcountup[29]" at k_counter.vhd(38) File: C:/Users/wwagn/OneDrive/Documentos/projetos/trabalho-pll/k_counter.vhd Line: 38
Info (10041): Inferred latch for "kcountup[30]" at k_counter.vhd(38) File: C:/Users/wwagn/OneDrive/Documentos/projetos/trabalho-pll/k_counter.vhd Line: 38
Info (12128): Elaborating entity "dco" for hierarchy "dco:dco_inst" File: C:/Users/wwagn/OneDrive/Documentos/projetos/trabalho-pll/adpll.vhd Line: 134
Info (12128): Elaborating entity "car_edge" for hierarchy "dco:dco_inst|car_edge:car_edge_inst" File: C:/Users/wwagn/OneDrive/Documentos/projetos/trabalho-pll/dco.vhd Line: 72
Warning (10492): VHDL Process Statement warning at car_edge.vhd(39): signal "toggle_ff" is read inside the Process Statement but isn't in the Process Statement's sensitivity list File: C:/Users/wwagn/OneDrive/Documentos/projetos/trabalho-pll/car_edge.vhd Line: 39
Info (12128): Elaborating entity "bor_edge" for hierarchy "dco:dco_inst|bor_edge:bor_edge_inst" File: C:/Users/wwagn/OneDrive/Documentos/projetos/trabalho-pll/dco.vhd Line: 80
Warning (10492): VHDL Process Statement warning at bor_edge.vhd(39): signal "toggle_ff" is read inside the Process Statement but isn't in the Process Statement's sensitivity list File: C:/Users/wwagn/OneDrive/Documentos/projetos/trabalho-pll/bor_edge.vhd Line: 39
Info (12128): Elaborating entity "dff_cont" for hierarchy "dco:dco_inst|dff_cont:dff_cont_inst" File: C:/Users/wwagn/OneDrive/Documentos/projetos/trabalho-pll/dco.vhd Line: 87
Info (12128): Elaborating entity "div8" for hierarchy "dco:dco_inst|div8:div8_inst" File: C:/Users/wwagn/OneDrive/Documentos/projetos/trabalho-pll/dco.vhd Line: 101
Warning (13024): Output pins are stuck at VCC or GND
    Warning (13410): Pin "pll_out" is stuck at GND File: C:/Users/wwagn/OneDrive/Documentos/projetos/trabalho-pll/adpll.vhd Line: 30
Info (17049): 30 registers lost all their fanouts during netlist optimizations.
Info (16010): Generating hard_block partition "hard_block:auto_generated_inst"
    Info (16011): Adding 0 node(s), including 0 DDIO, 0 PLL, 0 transceiver and 0 LCELL
Warning (21074): Design contains 5 input pin(s) that do not drive logic
    Warning (15610): No output dependent on input pin "kclock" File: C:/Users/wwagn/OneDrive/Documentos/projetos/trabalho-pll/adpll.vhd Line: 23
    Warning (15610): No output dependent on input pin "idclock" File: C:/Users/wwagn/OneDrive/Documentos/projetos/trabalho-pll/adpll.vhd Line: 22
    Warning (15610): No output dependent on input pin "b_in" File: C:/Users/wwagn/OneDrive/Documentos/projetos/trabalho-pll/adpll.vhd Line: 25
    Warning (15610): No output dependent on input pin "divfreq_in" File: C:/Users/wwagn/OneDrive/Documentos/projetos/trabalho-pll/adpll.vhd Line: 26
    Warning (15610): No output dependent on input pin "clk_sys" File: C:/Users/wwagn/OneDrive/Documentos/projetos/trabalho-pll/adpll.vhd Line: 21
Info (21057): Implemented 6 device resources after synthesis - the final resource count might be different
    Info (21058): Implemented 5 input pins
    Info (21059): Implemented 1 output pins
Info: Quartus Prime Analysis & Synthesis was successful. 0 errors, 23 warnings
    Info: Peak virtual memory: 5024 megabytes
    Info: Processing ended: Sun Sep 05 20:42:55 2021
    Info: Elapsed time: 00:00:20
    Info: Total CPU time (on all processors): 00:00:42


